Watching for file changes with StatReloader
Performing system checks...

System check identified some issues:

WARNINGS:
todos.Todo: (models.W042) Auto-created primary key used when not defining a primary key type, by default 'django.db.models.AutoField'.
	HINT: Configure the DEFAULT_AUTO_FIELD setting or the TodosConfig.default_auto_field attribute to point to a subclass of AutoField, e.g. 'django.db.models.BigAutoField'.

System check identified 1 issue (0 silenced).
May 09, 2023 - 13:14:41
Django version 4.2.1, using settings 'todoApp.settings'
Starting development server at http://0.0.0.0:8001/
Quit the server with CONTROL-C.

[09/May/2023 13:20:10] "GET /todos/ HTTP/1.1" 200 4708
[09/May/2023 13:20:40] "GET /todos/ HTTP/1.1" 200 4708
[09/May/2023 13:21:04] "POST /todos/add/ HTTP/1.1" 302 0
[09/May/2023 13:21:04] "GET /todos/ HTTP/1.1" 200 5296
[09/May/2023 13:21:29] "POST /todos/add/ HTTP/1.1" 302 0
[09/May/2023 13:21:30] "GET /todos/ HTTP/1.1" 200 5902
[09/May/2023 13:22:22] "POST /todos/add/ HTTP/1.1" 302 0
[09/May/2023 13:22:23] "GET /todos/ HTTP/1.1" 200 6501
[09/May/2023 13:23:19] "POST /todos/add/ HTTP/1.1" 302 0
[09/May/2023 13:23:20] "GET /todos/ HTTP/1.1" 200 7241
[09/May/2023 13:29:14] "GET / HTTP/1.1" 302 0
[09/May/2023 13:29:20] "GET / HTTP/1.1" 302 0
[09/May/2023 13:29:20] "GET /todos HTTP/1.1" 301 0
Not Found: /favicon.ico
[09/May/2023 13:29:24] "GET /favicon.ico HTTP/1.1" 404 2574
Not Found: /http:/api.ipify.org/
[09/May/2023 13:29:26] "GET http://api.ipify.org/?format=json HTTP/1.1" 404 1818
Not Found: /www.shadowserver.org:443
[09/May/2023 13:29:29] "CONNECT www.shadowserver.org:443 HTTP/1.1" 404 1827
[09/May/2023 13:30:09] "GET /todos/ HTTP/1.1" 200 7241
[09/May/2023 13:31:10] "GET /todos/ HTTP/1.1" 200 7241
[09/May/2023 13:31:15] "GET /todos/ HTTP/1.1" 200 7241
[09/May/2023 13:31:16] "GET /todos/ HTTP/1.1" 200 7241
[09/May/2023 13:31:21] "GET /todos/ HTTP/1.1" 200 7241
[09/May/2023 13:34:47] "GET /todos/ HTTP/1.1" 200 7241
[09/May/2023 13:34:50] "GET /todos/ HTTP/1.1" 200 7241
[09/May/2023 13:34:59] "GET /todos/ HTTP/1.1" 200 7241
Watching for file changes with StatReloader
Performing system checks...

System check identified some issues:

WARNINGS:
todos.Todo: (models.W042) Auto-created primary key used when not defining a primary key type, by default 'django.db.models.AutoField'.
	HINT: Configure the DEFAULT_AUTO_FIELD setting or the TodosConfig.default_auto_field attribute to point to a subclass of AutoField, e.g. 'django.db.models.BigAutoField'.

System check identified 1 issue (0 silenced).
May 15, 2023 - 14:35:17
Django version 4.2.1, using settings 'todoApp.settings'
Starting development server at http://0.0.0.0:8001/
Quit the server with CONTROL-C.

Watching for file changes with StatReloader
Performing system checks...

System check identified some issues:

WARNINGS:
todos.Todo: (models.W042) Auto-created primary key used when not defining a primary key type, by default 'django.db.models.AutoField'.
	HINT: Configure the DEFAULT_AUTO_FIELD setting or the TodosConfig.default_auto_field attribute to point to a subclass of AutoField, e.g. 'django.db.models.BigAutoField'.

System check identified 1 issue (0 silenced).
Error: That port is already in use.
Watching for file changes with StatReloader
Performing system checks...

System check identified some issues:

WARNINGS:
todos.Todo: (models.W042) Auto-created primary key used when not defining a primary key type, by default 'django.db.models.AutoField'.
	HINT: Configure the DEFAULT_AUTO_FIELD setting or the TodosConfig.default_auto_field attribute to point to a subclass of AutoField, e.g. 'django.db.models.BigAutoField'.

System check identified 1 issue (0 silenced).
Error: That port is already in use.
[15/May/2023 14:41:15] "GET / HTTP/1.1" 302 0
[15/May/2023 14:41:17] "GET /todos/ HTTP/1.1" 200 7241
[15/May/2023 14:41:22] "GET /todos/ HTTP/1.1" 200 7241
[15/May/2023 14:41:35] "POST /todos/add/ HTTP/1.1" 302 0
[15/May/2023 14:41:37] "GET /todos/ HTTP/1.1" 200 7839
[15/May/2023 14:42:03] "GET /todos/ HTTP/1.1" 200 7839
Watching for file changes with StatReloader
Performing system checks...

System check identified some issues:

WARNINGS:
todos.Todo: (models.W042) Auto-created primary key used when not defining a primary key type, by default 'django.db.models.AutoField'.
	HINT: Configure the DEFAULT_AUTO_FIELD setting or the TodosConfig.default_auto_field attribute to point to a subclass of AutoField, e.g. 'django.db.models.BigAutoField'.

System check identified 1 issue (0 silenced).
Error: That port is already in use.
[15/May/2023 14:42:42] "GET /todos/ HTTP/1.1" 200 7839
[15/May/2023 14:42:46] "GET /todos/ HTTP/1.1" 200 7839
[15/May/2023 14:51:59] "GET /todos/ HTTP/1.1" 200 7839
[15/May/2023 15:01:39] "GET /todos/ HTTP/1.1" 200 7839
[15/May/2023 15:04:31] "GET /todos/ HTTP/1.1" 200 7839
[15/May/2023 15:04:35] "GET /todos/ HTTP/1.1" 200 7839
[15/May/2023 15:05:04] "GET /todos/ HTTP/1.1" 200 7839
[15/May/2023 15:05:07] "GET /todos/ HTTP/1.1" 200 7839
Watching for file changes with StatReloader
Performing system checks...

System check identified some issues:

WARNINGS:
todos.Todo: (models.W042) Auto-created primary key used when not defining a primary key type, by default 'django.db.models.AutoField'.
	HINT: Configure the DEFAULT_AUTO_FIELD setting or the TodosConfig.default_auto_field attribute to point to a subclass of AutoField, e.g. 'django.db.models.BigAutoField'.

System check identified 1 issue (0 silenced).
May 18, 2023 - 10:40:14
Django version 4.2.1, using settings 'todoApp.settings'
Starting development server at http://0.0.0.0:8001/
Quit the server with CONTROL-C.

Watching for file changes with StatReloader
Performing system checks...

System check identified some issues:

WARNINGS:
todos.Todo: (models.W042) Auto-created primary key used when not defining a primary key type, by default 'django.db.models.AutoField'.
	HINT: Configure the DEFAULT_AUTO_FIELD setting or the TodosConfig.default_auto_field attribute to point to a subclass of AutoField, e.g. 'django.db.models.BigAutoField'.

System check identified 1 issue (0 silenced).
May 26, 2023 - 00:43:28
Django version 4.2.1, using settings 'todoApp.settings'
Starting development server at http://0.0.0.0:8001/
Quit the server with CONTROL-C.

[26/May/2023 00:43:38] "GET /todos/ HTTP/1.1" 200 7839
[26/May/2023 00:43:40] "GET /todos/ HTTP/1.1" 200 7839
[26/May/2023 00:44:24] "POST /todos/add/ HTTP/1.1" 302 0
[26/May/2023 00:44:24] "GET /todos/ HTTP/1.1" 200 8447
Watching for file changes with StatReloader
Performing system checks...

System check identified some issues:

WARNINGS:
todos.Todo: (models.W042) Auto-created primary key used when not defining a primary key type, by default 'django.db.models.AutoField'.
	HINT: Configure the DEFAULT_AUTO_FIELD setting or the TodosConfig.default_auto_field attribute to point to a subclass of AutoField, e.g. 'django.db.models.BigAutoField'.

System check identified 1 issue (0 silenced).
May 26, 2023 - 01:53:30
Django version 4.2.1, using settings 'todoApp.settings'
Starting development server at http://0.0.0.0:8001/
Quit the server with CONTROL-C.

[26/May/2023 01:54:17] code 400, message Bad request version ('ÚÚ\x13\x01\x13\x02\x13\x03À+À/À,À0Ì©Ì¨À\x13À\x14\x00\x9c\x00\x9d\x00/\x005\x01\x00\x01\x93ÊÊ\x00\x00\x003\x00+\x00)')
[26/May/2023 01:54:17] You're accessing the development server over HTTPS, but it only supports HTTP.
[26/May/2023 01:54:18] code 400, message Bad request version ('ôÖ\x97\x91<Ü²<ÿåI®u[\\i')
[26/May/2023 01:54:18] You're accessing the development server over HTTPS, but it only supports HTTP.
[26/May/2023 01:54:21] "GET /todos/ HTTP/1.1" 200 8447
[26/May/2023 01:54:21] "GET /static/css/style.css HTTP/1.1" 200 225
Not Found: /favicon.ico
[26/May/2023 01:54:22] "GET /favicon.ico HTTP/1.1" 404 2571
[26/May/2023 02:05:58,684] - Broken pipe from ('18.130.19.117', 21345)
[26/May/2023 02:07:17,855] - Broken pipe from ('18.130.19.117', 21345)
[26/May/2023 02:23:42] "GET /todos/ HTTP/1.1" 200 8447
[26/May/2023 02:50:23] "GET /todos/ HTTP/1.1" 200 8447
Watching for file changes with StatReloader
Performing system checks...

System check identified some issues:

WARNINGS:
todos.Todo: (models.W042) Auto-created primary key used when not defining a primary key type, by default 'django.db.models.AutoField'.
	HINT: Configure the DEFAULT_AUTO_FIELD setting or the TodosConfig.default_auto_field attribute to point to a subclass of AutoField, e.g. 'django.db.models.BigAutoField'.

System check identified 1 issue (0 silenced).
May 26, 2023 - 13:22:52
Django version 4.2.1, using settings 'todoApp.settings'
Starting development server at http://0.0.0.0:8001/
Quit the server with CONTROL-C.

[26/May/2023 13:23:00] "GET / HTTP/1.1" 302 0
[26/May/2023 13:23:00] "GET /todos HTTP/1.1" 301 0
[26/May/2023 13:23:00] "GET /todos/ HTTP/1.1" 200 8447
[26/May/2023 13:23:01] "GET /static/css/style.css HTTP/1.1" 200 225
Not Found: /favicon.ico
[26/May/2023 13:23:02] "GET /favicon.ico HTTP/1.1" 404 2574
